Info: CustomCategory:kross_modding_process_completo: 120 mini seconds publishing element
Info: CustomCategory:descripcion: 40 mini seconds publishing element
Info: Concept:presentacion_de_kross_modding_process: 60 mini seconds publishing element
Info: Concept:principios_del_kross_modding_process: 60 mini seconds publishing element
Info: Concept:habilidades_del_modder: 160 mini seconds publishing element
Info: CustomCategory:roles_presentes_en_kross_modding_process: 36 mini seconds publishing element
Info: Role:lider_de_equipo: 160 mini seconds publishing element
Info: Task:actualizar_el_documento_de_descripcion_del_proyecto: 20 mini seconds publishing element
Info: Task:analizar_las_modificaciones_al_producto: 20 mini seconds publishing element
Info: Task:configurar_cronograma: 24 mini seconds publishing element
Info: Task:creacion_del_manual_tecnico: 12 mini seconds publishing element
Info: Task:crear_documento_de_descripcion_del_proyecto: 12 mini seconds publishing element
Info: Task:definir_la_idea_general_del_proyecto: 20 mini seconds publishing element
Info: Task:definir_los_modding_items: 16 mini seconds publishing element
Info: Task:definir_roles: 16 mini seconds publishing element
Info: Task:elegir_producto: 12 mini seconds publishing element
Info: Task:establecer_las modding_tasks: 20 mini seconds publishing element
Info: Task:establecer_mejoras: 12 mini seconds publishing element
Info: Task:establecer_responsabilidades: 16 mini seconds publishing element
Info: Task:evaluar_licencias_y_permisos: 16 mini seconds publishing element
Info: Task:evaluar_prestaciones_del_producto: 16 mini seconds publishing element
Info: Task:obtener_feedback: 12 mini seconds publishing element
Info: Task:obtener_recursos_y_herramientas: 20 mini seconds publishing element
Info: Task:preparar_manejo_de_versiones: 16 mini seconds publishing element
Info: Task:verificar_material_existente: 16 mini seconds publishing element
Info: Task:adecuar_extensiones: 8 mini seconds publishing element
Info: Task:correccion_errores_externos: 8 mini seconds publishing element
Info: Task:corregir_errores_internos: 12 mini seconds publishing element
Info: Task:creacion_del_manual_de_usuario: 12 mini seconds publishing element
Info: Task:crear_respaldo: 16 mini seconds publishing element
Info: Task:documentar_manual_tecnico: 8 mini seconds publishing element
Info: Task:empaquetar_producto: 16 mini seconds publishing element
Info: Task:moddear: 60 mini seconds publishing element
Info: Task:realizar_pruebas_externas: 20 mini seconds publishing element
Info: Task:realizar_pruebas_internas: 20 mini seconds publishing element
Info: Task:verificar_cumplimiento_de_modding_task: 12 mini seconds publishing element
Info: Artifact:documento_de_descripcion_del_proyecto: 48 mini seconds publishing element
Info: Example:documento_de_descripcion_del_proyecto: 216 mini seconds publishing element
Info: Artifact:cronograma_del_proyecto: 32 mini seconds publishing element
Info: Artifact:ficha_del_producto: 32 mini seconds publishing element
Info: Artifact:manual_tecnico: 28 mini seconds publishing element
Info: Artifact:mod_stack: 16 mini seconds publishing element
Info: Example:cronograma: 56 mini seconds publishing element
Info: SupportingMaterial:configuracion_del_cronograma: 8 mini seconds publishing element
Info: Example:ficha_del_producto: 140 mini seconds publishing element
Info: Example:manual_tecnico: 108 mini seconds publishing element
Info: Example:mod_stack: 96 mini seconds publishing element
Info: Role:participante: 324 mini seconds publishing element
Info: Task:actualizar_perfiles: 28 mini seconds publishing element
Info: Task:divulgacion_del_mod: 20 mini seconds publishing element
Info: Artifact:manual_de_usuario: 24 mini seconds publishing element
Info: Example:manual_de_usuario: 128 mini seconds publishing element
Info: Role:modder: 100 mini seconds publishing element
Info: Task:capacitacion_de_herramientas: 20 mini seconds publishing element
Info: Artifact:incremento: 40 mini seconds publishing element
Info: Artifact:mod: 12 mini seconds publishing element
Info: Artifact:parche: 8 mini seconds publishing element
Info: Concept:funciones_con_respecto_al_rol_en_el_modding: 8 mini seconds publishing element
Info: CustomCategory:artefactos_de_kross_modding_process: 32 mini seconds publishing element
Info: Artifact:documento_de_mejora: 16 mini seconds publishing element
Info: Example:documento_de_mejora: 20 mini seconds publishing element
Info: CustomCategory:kross_modding_process: 8 mini seconds publishing element
Info: Phase:Pre-Modding: 433 mini seconds publishing element
Info: Activity:construir_descripcion_general: 240 mini seconds publishing element
Info: Activity:investigar_el_producto: 376 mini seconds publishing element
Info: Activity:conformar_equipo_de_trabajo: 136 mini seconds publishing element
Info: Activity:establecer_detalles_del_proyecto: 284 mini seconds publishing element
Info: Activity:preparar_actividades_del_proyecto: 312 mini seconds publishing element
Info: Phase:Modding: 356 mini seconds publishing element
Info: Activity:preparacion: 124 mini seconds publishing element
Info: Activity:construccion: 160 mini seconds publishing element
Info: Activity:pruebas: 268 mini seconds publishing element
Info: Activity:Respaldo: 264 mini seconds publishing element
Info: Activity:despliegue: 108 mini seconds publishing element
Info: Phase:Post-Modding: 116 mini seconds publishing element
Info: Activity:divulgacion: 84 mini seconds publishing element
Info: Activity:mejorar producto: 148 mini seconds publishing element
Info: Activity:mejorar perfiles: 96 mini seconds publishing element
Info: CustomCategory:guias_y_ejemplos: 12 mini seconds publishing element
Info: TermDefinition:mod: 8 mini seconds publishing element
Info: CapabilityPattern:Kross Modding Process: 224 mini seconds publishing element
Info: CapabilityPattern:Kross Modding Process: 2236 mini seconds publishing process specific layout data
Info: TermDefinition:moddear: 12 mini seconds publishing element
Info: TermDefinition:modder: 8 mini seconds publishing element
Info: TermDefinition:modding_task: 8 mini seconds publishing element
Info: SupportingMaterial:establecer_el_concepto_general: 92 mini seconds publishing element
Info: SupportingMaterial:eleccion_del_producto: 52 mini seconds publishing element
Info: SupportingMaterial:prestaciones_del_producto: 8 mini seconds publishing element
Info: TermDefinition:ddp: 8 mini seconds publishing element
Info: TermDefinition:modding_item: 4 mini seconds publishing element
Info: TermDefinition:modding: 4 mini seconds publishing element
Info: TermDefinition:tiempo_de_liberacion: 12 mini seconds publishing element
Info: TaskDescriptor:crear_documento_de_descripcion_del_proyecto: 4 mini seconds publishing element
Info: TaskDescriptor:definir_la_idea_general_del_proyecto: 8 mini seconds publishing element
Info: TaskDescriptor:elegir_producto: 4 mini seconds publishing element
Info: TaskDescriptor:evaluar_licencias_y_permisos: 8 mini seconds publishing element
Info: TaskDescriptor:evaluar_prestaciones_del_producto: 8 mini seconds publishing element
Info: TaskDescriptor:definir_roles: 8 mini seconds publishing element
Info: TaskDescriptor:establecer_responsabilidades: 4 mini seconds publishing element
Info: TaskDescriptor:analizar_las_modificaciones_al_producto: 4 mini seconds publishing element
Info: TaskDescriptor:definir_los_modding_items: 8 mini seconds publishing element
Info: TaskDescriptor:verificar_material_existente: 8 mini seconds publishing element
Info: TaskDescriptor:actualizar_el_documento_de_descripcion_del_proyecto: 4 mini seconds publishing element
Info: TaskDescriptor:obtener_recursos_y_herramientas: 8 mini seconds publishing element
Info: TaskDescriptor:establecer_las modding_tasks: 8 mini seconds publishing element
Info: TaskDescriptor:configurar_cronograma: 12 mini seconds publishing element
Info: RoleDescriptor:lider_de_equipo: 12 mini seconds publishing element
Info: RoleDescriptor:participante: 4 mini seconds publishing element
Info: WorkProductDescriptor:cronograma_del_proyecto: 8 mini seconds publishing element
Info: WorkProductDescriptor:documento_de_descripcion_del_proyecto: 8 mini seconds publishing element
Info: WorkProductDescriptor:ficha_del_producto: 8 mini seconds publishing element
Info: WorkProductDescriptor:mod_stack: 4 mini seconds publishing element
Info: RoleDescriptor:lider_de_equipo: 8 mini seconds publishing element
Info: RoleDescriptor:participante: 4 mini seconds publishing element
Info: WorkProductDescriptor:documento_de_descripcion_del_proyecto: 4 mini seconds publishing element
Info: RoleDescriptor:lider_de_equipo: 4 mini seconds publishing element
Info: RoleDescriptor:participante: 4 mini seconds publishing element
Info: WorkProductDescriptor:documento_de_descripcion_del_proyecto: 4 mini seconds publishing element
Info: RoleDescriptor:lider_de_equipo: 8 mini seconds publishing element
Info: RoleDescriptor:participante: 4 mini seconds publishing element
Info: WorkProductDescriptor:documento_de_descripcion_del_proyecto: 8 mini seconds publishing element
Info: WorkProductDescriptor:ficha_del_producto: 0 mini seconds publishing element
Info: RoleDescriptor:lider_de_equipo: 4 mini seconds publishing element
Info: RoleDescriptor:participante: 4 mini seconds publishing element
Info: WorkProductDescriptor:documento_de_descripcion_del_proyecto: 4 mini seconds publishing element
Info: TaskDescriptor:capacitacion_de_herramientas: 4 mini seconds publishing element
Info: TaskDescriptor:creacion_del_manual_tecnico: 4 mini seconds publishing element
Info: TaskDescriptor:preparar_manejo_de_versiones: 8 mini seconds publishing element
Info: TaskDescriptor:moddear: 8 mini seconds publishing element
Info: TaskDescriptor:verificar_cumplimiento_de_modding_task: 4 mini seconds publishing element
Info: TaskDescriptor:realizar_pruebas_internas: 4 mini seconds publishing element
Info: TaskDescriptor:corregir_errores_internos: 4 mini seconds publishing element
Info: TaskDescriptor:crear_respaldo: 8 mini seconds publishing element
Info: TaskDescriptor:documentar_manual_tecnico: 4 mini seconds publishing element
Info: TaskDescriptor:adecuar_extensiones: 4 mini seconds publishing element
Info: TaskDescriptor:empaquetar_producto: 4 mini seconds publishing element
Info: TaskDescriptor:creacion_del_manual_de_usuario: 4 mini seconds publishing element
Info: RoleDescriptor:lider_de_equipo: 4 mini seconds publishing element
Info: RoleDescriptor:modder: 4 mini seconds publishing element
Info: RoleDescriptor:participante: 4 mini seconds publishing element
Info: WorkProductDescriptor:documento_de_descripcion_del_proyecto: 4 mini seconds publishing element
Info: WorkProductDescriptor:incremento: 8 mini seconds publishing element
Info: WorkProductDescriptor:manual_de_usuario: 8 mini seconds publishing element
Info: WorkProductDescriptor:manual_tecnico: 4 mini seconds publishing element
Info: WorkProductDescriptor:mod: 4 mini seconds publishing element
Info: RoleDescriptor:lider_de_equipo: 0 mini seconds publishing element
Info: RoleDescriptor:modder: 4 mini seconds publishing element
Info: WorkProductDescriptor:documento_de_descripcion_del_proyecto: 4 mini seconds publishing element
Info: RoleDescriptor:lider_de_equipo: 4 mini seconds publishing element
Info: RoleDescriptor:modder: 4 mini seconds publishing element
Info: WorkProductDescriptor:documento_de_descripcion_del_proyecto: 4 mini seconds publishing element
Info: WorkProductDescriptor:incremento: 4 mini seconds publishing element
Info: RoleDescriptor:lider_de_equipo: 4 mini seconds publishing element
Info: RoleDescriptor:modder: 4 mini seconds publishing element
Info: WorkProductDescriptor:documento_de_descripcion_del_proyecto: 4 mini seconds publishing element
Info: WorkProductDescriptor:incremento: 4 mini seconds publishing element
Info: WorkProductDescriptor:manual_tecnico: 4 mini seconds publishing element
Info: RoleDescriptor:lider_de_equipo: 8 mini seconds publishing element
Info: RoleDescriptor:modder: 4 mini seconds publishing element
Info: RoleDescriptor:participante: 4 mini seconds publishing element
Info: WorkProductDescriptor:documento_de_descripcion_del_proyecto: 20 mini seconds publishing element
Info: TaskDescriptor:divulgacion_del_mod: 24 mini seconds publishing element
Info: TaskDescriptor:obtener_feedback: 8 mini seconds publishing element
Info: TaskDescriptor:realizar_pruebas_externas: 16 mini seconds publishing element
Info: TaskDescriptor:correccion_errores_externos: 4 mini seconds publishing element
Info: TaskDescriptor:establecer_mejoras: 8 mini seconds publishing element
Info: TaskDescriptor:actualizar_perfiles: 4 mini seconds publishing element
Info: RoleDescriptor:lider_de_equipo: 20 mini seconds publishing element
Info: RoleDescriptor:modder: 8 mini seconds publishing element
Info: RoleDescriptor:participante: 8 mini seconds publishing element
Info: WorkProductDescriptor:documento_de_descripcion_del_proyecto: 16 mini seconds publishing element
Info: WorkProductDescriptor:documento_de_mejora: 8 mini seconds publishing element
Info: WorkProductDescriptor:parche: 28 mini seconds publishing element
Info: RoleDescriptor:participante: 12 mini seconds publishing element
Info: RoleDescriptor:participante: 4 mini seconds publishing element
Info: : Publishing time: 0 minutes 12 seconds
